<?xml version="1.0" encoding="UTF-8"?>
<!-- Generated by org.testng.reporters.JUnitReportReporter -->
<testsuite hostname="Dibyansh_Verma" failures="0" tests="5" name="Test.day4" time="0.010" errors="0" timestamp="2024-05-02T09:59:32 IST" skipped="0">
  <testcase classname="Test.day4" name="MobileloginHOMELoan" time="0.001"/>
  <system-out/>
  <testcase classname="Test.day4" name="WebloginHOMELoan" time="0.003"/>
  <system-out/>
  <testcase classname="Test.day4" name="WebloginHOMELoan" time="0.001"/>
  <system-out/>
  <testcase classname="Test.day4" name="APIloginHOMELoan" time="0.002"/>
  <system-out/>
  <testcase classname="Test.day4" name="WebloginHOMELoan" time="0.003"/>
  <system-out/>
</testsuite> <!-- Test.day4 -->
