<?xml version="1.0" encoding="UTF-8"?>
<!-- Generated by org.testng.reporters.JUnitReportReporter -->
<testsuite hostname="Dibyansh_Verma" failures="0" tests="2" name="Test.day1" time="0.026" errors="0" timestamp="2024-05-01T19:42:20 IST" skipped="0">
  <testcase classname="Test.day1" name="DemoPersonalLaon" time="0.025"/>
  <system-out/>
  <testcase classname="Test.day1" name="SecondPersonalLoan" time="0.001"/>
  <system-out/>
</testsuite> <!-- Test.day1 -->
