<?xml version="1.0" encoding="UTF-8"?>
<!-- Generated by org.testng.reporters.JUnitReportReporter -->
<testsuite hostname="Dibyansh_Verma" failures="0" tests="4" name="Test.day3" time="0.013" errors="0" timestamp="2024-05-02T09:59:32 IST" skipped="1">
  <testcase classname="Test.day3" name="MobileloginCARLoan" time="0.006"/>
  <system-out/>
  <testcase classname="Test.day3" name="MobilelogOutCARLoan" time="0.005"/>
  <system-out/>
  <testcase classname="Test.day3" name="WebloginCARLoan" time="0.002"/>
  <system-out/>
  <testcase classname="Test.day3" name="WindsheildCarLoan">
    <skipped/>
  </testcase> <!-- WindsheildCarLoan -->
  <system-out/>
</testsuite> <!-- Test.day3 -->
