<?xml version="1.0" encoding="UTF-8"?>
<!-- Generated by org.testng.reporters.JUnitReportReporter -->
<testsuite hostname="Dibyansh_Verma" failures="0" tests="1" name="Test.day1" time="0.006" errors="0" timestamp="2024-05-02T09:59:32 IST" skipped="0">
  <testcase classname="Test.day1" name="DemoPersonalLaon" time="0.006"/>
  <system-out/>
</testsuite> <!-- Test.day1 -->
