<?xml version="1.0" encoding="UTF-8"?>
<!-- Generated by org.testng.reporters.JUnitReportReporter -->
<testsuite hostname="Dibyansh_Verma" failures="0" tests="4" name="Test.day3" time="0.004" errors="0" timestamp="2024-05-01T19:42:20 IST" skipped="0">
  <testcase classname="Test.day3" name="WebloginCARLoan" time="0.001"/>
  <system-out/>
  <testcase classname="Test.day3" name="MobileloginCARLoan" time="0.001"/>
  <system-out/>
  <testcase classname="Test.day3" name="MobilelogOutCARLoan" time="0.001"/>
  <system-out/>
  <testcase classname="Test.day3" name="APIloginCARlaon" time="0.001"/>
  <system-out/>
</testsuite> <!-- Test.day3 -->
